#
# There is insufficient memory for the Java Runtime Environment to continue.
# Native memory allocation (mmap) failed to map 132120576 bytes for G1 virtual space
# Possible reasons:
#   The system is out of physical RAM or swap space
#   The process is running with CompressedOops enabled, and the Java Heap may be blocking the growth of the native heap
# Possible solutions:
#   Reduce memory load on the system
#   Increase physical memory or swap space
#   Check if swap backing store is full
#   Decrease Java heap size (-Xmx/-Xms)
#   Decrease number of Java threads
#   Decrease Java thread stack sizes (-Xss)
#   Set larger code cache with -XX:ReservedCodeCacheSize=
#   JVM is running with Unscaled Compressed Oops mode in which the Java heap is
#     placed in the first 4GB address space. The Java Heap base address is the
#     maximum limit for the native heap growth. Please use -XX:HeapBaseMinAddress
#     to set the Java Heap base and to place the Java Heap above 4GB virtual address.
# This output file may be truncated or incomplete.
#
#  Out of Memory Error (os_windows.cpp:3469), pid=12580, tid=3528
#
# JRE version:  (17.0.1+12) (build )
# Java VM: OpenJDK 64-Bit Server VM (17.0.1+12-39, mixed mode, sharing, tiered, compressed oops, compressed class ptrs, g1 gc, windows-amd64)
# No core dump will be written. Minidumps are not enabled by default on client versions of Windows
#

---------------  S U M M A R Y ------------

Command Line: -javaagent:C:\Users\BRIJES~1\AppData\Local\Temp\testAgent2jars\intellij-coverage-agent-1.0.613.jar=C:\Users\Brijesh Kullal\AppData\Local\Temp\coverage2args -Didea.new.sampling.coverage=true -Dcoverage.ignore.private.constructor.util.class=true -javaagent:C:\Program Files\JetBrains\IntelliJ IDEA Community Edition 2021.3.1\lib\idea_rt.jar=50145:C:\Program Files\JetBrains\IntelliJ IDEA Community Edition 2021.3.1\bin -Dfile.encoding=UTF-8 com.bookstore.bookstore.BookstoreApplication

Host: Intel(R) Core(TM) i5-7200U CPU @ 2.50GHz, 4 cores, 7G,  Windows 10 , 64 bit Build 19041 (10.0.19041.1466)
Time: Fri Feb  4 13:18:58 2022 India Standard Time elapsed time: 0.726763 seconds (0d 0h 0m 0s)

---------------  T H R E A D  ---------------

Current thread (0x000002b3c4221e00):  JavaThread "Unknown thread" [_thread_in_vm, id=3528, stack(0x000000f8b6e00000,0x000000f8b6f00000)]

Stack: [0x000000f8b6e00000,0x000000f8b6f00000]
Native frames: (J=compiled Java code, j=interpreted, Vv=VM code, C=native code)
V  [jvm.dll+0x66fa1a]
V  [jvm.dll+0x7ce5a4]
V  [jvm.dll+0x7cfd4e]
V  [jvm.dll+0x7d03b3]
V  [jvm.dll+0x242b05]
V  [jvm.dll+0x66ca39]
V  [jvm.dll+0x661502]
V  [jvm.dll+0x30081b]
V  [jvm.dll+0x307da6]
V  [jvm.dll+0x357a1e]
V  [jvm.dll+0x357c4f]
V  [jvm.dll+0x2d7ad8]
V  [jvm.dll+0x2d8a44]
V  [jvm.dll+0x7a01e1]
V  [jvm.dll+0x365791]
V  [jvm.dll+0x77f6cc]
V  [jvm.dll+0x3e812f]
V  [jvm.dll+0x3e9bd1]
C  [jli.dll+0x527b]
C  [ucrtbase.dll+0x21bb2]
C  [KERNEL32.DLL+0x17034]
C  [ntdll.dll+0x52651]


---------------  P R O C E S S  ---------------

Threads class SMR info:
_java_thread_list=0x00007ffcd5217818, length=0, elements={
}

Java Threads: ( => current thread )

Other Threads:
  0x000002b3c4263b90 GCTaskThread "GC Thread#0" [stack: 0x000000f8b7000000,0x000000f8b7100000] [id=12908]
  0x000002b3c42756e0 ConcurrentGCThread "G1 Main Marker" [stack: 0x000000f8b7100000,0x000000f8b7200000] [id=11964]
  0x000002b3c42760f0 ConcurrentGCThread "G1 Conc#0" [stack: 0x000000f8b7200000,0x000000f8b7300000] [id=3080]

[error occurred during error reporting (printing all threads), id 0xc0000005, EXCEPTION_ACCESS_VIOLATION (0xc0000005) at pc=0x00007ffcd4a684b7]

VM state: not at safepoint (not fully initialized)

VM Mutex/Monitor currently owned by a thread:  ([mutex/lock_event])
[0x000002b3c421cd60] Heap_lock - owner thread: 0x000002b3c4221e00

Heap address: 0x0000000082000000, size: 2016 MB, Compressed Oops mode: 32-bit

CDS archive(s) mapped at: [0x0000000000000000-0x0000000000000000-0x0000000000000000), size 0, SharedBaseAddress: 0x0000000800000000, ArchiveRelocationMode: 0.
Narrow klass base: 0x0000000000000000, Narrow klass shift: 0, Narrow klass range: 0x0

GC Precious Log:
<Empty>

Heap:
 garbage-first heap   total 0K, used 0K [0x0000000082000000, 0x0000000100000000)
  region size 1024K, 0 young (0K), 0 survivors (0K)

[error occurred during error reporting (printing heap information), id 0xc0000005, EXCEPTION_ACCESS_VIOLATION (0xc0000005) at pc=0x00007ffcd4e48d89]

GC Heap History (0 events):
No events

Deoptimization events (0 events):
No events

Classes unloaded (0 events):
No events

Classes redefined (0 events):
No events

Internal exceptions (0 events):
No events

VM Operations (0 events):
No events

Events (2 events):
Event: 0.557 Loaded shared library C:\Users\Brijesh Kullal\.jdks\openjdk-17.0.1\bin\java.dll
Event: 0.562 Loaded shared library C:\Users\Brijesh Kullal\.jdks\openjdk-17.0.1\bin\zip.dll


Dynamic libraries:
0x00007ff64e650000 - 0x00007ff64e65e000 	C:\Users\Brijesh Kullal\.jdks\openjdk-17.0.1\bin\java.exe
0x00007ffd11db0000 - 0x00007ffd11fa5000 	C:\WINDOWS\SYSTEM32\ntdll.dll
0x00007ffd10840000 - 0x00007ffd108fe000 	C:\WINDOWS\System32\KERNEL32.DLL
0x00007ffd0fa50000 - 0x00007ffd0fd18000 	C:\WINDOWS\System32\KERNELBASE.dll
0x00007ffd0f5d0000 - 0x00007ffd0f6d0000 	C:\WINDOWS\System32\ucrtbase.dll
0x00007ffcff350000 - 0x00007ffcff368000 	C:\Users\Brijesh Kullal\.jdks\openjdk-17.0.1\bin\jli.dll
0x00007ffd0fec0000 - 0x00007ffd10061000 	C:\WINDOWS\System32\USER32.dll
0x00007ffd0f910000 - 0x00007ffd0f932000 	C:\WINDOWS\System32\win32u.dll
0x00007ffd10900000 - 0x00007ffd1092b000 	C:\WINDOWS\System32\GDI32.dll
0x00007ffd0f940000 - 0x00007ffd0fa4d000 	C:\WINDOWS\System32\gdi32full.dll
0x00007ffd0fd50000 - 0x00007ffd0fded000 	C:\WINDOWS\System32\msvcp_win.dll
0x00007ffd02db0000 - 0x00007ffd02dca000 	C:\Users\Brijesh Kullal\.jdks\openjdk-17.0.1\bin\VCRUNTIME140.dll
0x00007ffd069e0000 - 0x00007ffd06c7a000 	C:\WINDOWS\WinSxS\amd64_microsoft.windows.common-controls_6595b64144ccf1df_6.0.19041.1110_none_60b5254171f9507e\COMCTL32.dll
0x00007ffd10a60000 - 0x00007ffd10afe000 	C:\WINDOWS\System32\msvcrt.dll
0x00007ffd10800000 - 0x00007ffd10830000 	C:\WINDOWS\System32\IMM32.DLL
0x00007ffcff200000 - 0x00007ffcff20c000 	C:\Users\Brijesh Kullal\.jdks\openjdk-17.0.1\bin\vcruntime140_1.dll
0x00007ffcf9ef0000 - 0x00007ffcf9f7d000 	C:\Users\Brijesh Kullal\.jdks\openjdk-17.0.1\bin\msvcp140.dll
0x00007ffcd4780000 - 0x00007ffcd533e000 	C:\Users\Brijesh Kullal\.jdks\openjdk-17.0.1\bin\server\jvm.dll
0x00007ffd10140000 - 0x00007ffd101ee000 	C:\WINDOWS\System32\ADVAPI32.dll
0x00007ffd112b0000 - 0x00007ffd1134c000 	C:\WINDOWS\System32\sechost.dll
0x00007ffd10670000 - 0x00007ffd10795000 	C:\WINDOWS\System32\RPCRT4.dll
0x00007ffd10930000 - 0x00007ffd10938000 	C:\WINDOWS\System32\PSAPI.DLL
0x00007ffd03cf0000 - 0x00007ffd03cf9000 	C:\WINDOWS\SYSTEM32\WSOCK32.dll
0x00007ffd10940000 - 0x00007ffd109ab000 	C:\WINDOWS\System32\WS2_32.dll
0x00007ffd05530000 - 0x00007ffd05557000 	C:\WINDOWS\SYSTEM32\WINMM.dll
0x00007ffd076f0000 - 0x00007ffd076fa000 	C:\WINDOWS\SYSTEM32\VERSION.dll
0x00007ffd0dd90000 - 0x00007ffd0dda2000 	C:\WINDOWS\SYSTEM32\kernel.appcore.dll
0x00007ffcff1f0000 - 0x00007ffcff1fa000 	C:\Users\Brijesh Kullal\.jdks\openjdk-17.0.1\bin\jimage.dll
0x00007ffd0da40000 - 0x00007ffd0dc24000 	C:\WINDOWS\SYSTEM32\DBGHELP.DLL
0x00007ffd01150000 - 0x00007ffd0117c000 	C:\WINDOWS\SYSTEM32\dbgcore.DLL
0x00007ffd0f830000 - 0x00007ffd0f8b2000 	C:\WINDOWS\System32\bcryptPrimitives.dll
0x00007ffd02d40000 - 0x00007ffd02d4e000 	C:\Users\Brijesh Kullal\.jdks\openjdk-17.0.1\bin\instrument.dll
0x00007ffcfc670000 - 0x00007ffcfc695000 	C:\Users\Brijesh Kullal\.jdks\openjdk-17.0.1\bin\java.dll
0x00007ffcfa100000 - 0x00007ffcfa118000 	C:\Users\Brijesh Kullal\.jdks\openjdk-17.0.1\bin\zip.dll

dbghelp: loaded successfully - version: 4.0.5 - missing functions: none
symbol engine: initialized successfully - sym options: 0x614 - pdb path: .;C:\Users\Brijesh Kullal\.jdks\openjdk-17.0.1\bin;C:\WINDOWS\SYSTEM32;C:\WINDOWS\WinSxS\amd64_microsoft.windows.common-controls_6595b64144ccf1df_6.0.19041.1110_none_60b5254171f9507e;C:\Users\Brijesh Kullal\.jdks\openjdk-17.0.1\bin\server

VM Arguments:
jvm_args: -javaagent:C:\Users\BRIJES~1\AppData\Local\Temp\testAgent2jars\intellij-coverage-agent-1.0.613.jar=C:\Users\Brijesh Kullal\AppData\Local\Temp\coverage2args -Didea.new.sampling.coverage=true -Dcoverage.ignore.private.constructor.util.class=true -javaagent:C:\Program Files\JetBrains\IntelliJ IDEA Community Edition 2021.3.1\lib\idea_rt.jar=50145:C:\Program Files\JetBrains\IntelliJ IDEA Community Edition 2021.3.1\bin -Dfile.encoding=UTF-8 
java_command: com.bookstore.bookstore.BookstoreApplication
java_class_path (initial): D:\Bridgelabz\Book-final\BookStoreFinal\target\classes;C:\Users\Brijesh Kullal\.m2\repository\org\springframework\boot\spring-boot-starter-data-jpa\2.5.4\spring-boot-starter-data-jpa-2.5.4.jar;C:\Users\Brijesh Kullal\.m2\repository\org\springframework\boot\spring-boot-starter-aop\2.5.4\spring-boot-starter-aop-2.5.4.jar;C:\Users\Brijesh Kullal\.m2\repository\org\springframework\spring-aop\5.3.9\spring-aop-5.3.9.jar;C:\Users\Brijesh Kullal\.m2\repository\org\aspectj\aspectjweaver\1.9.7\aspectjweaver-1.9.7.jar;C:\Users\Brijesh Kullal\.m2\repository\org\springframework\boot\spring-boot-starter-jdbc\2.5.4\spring-boot-starter-jdbc-2.5.4.jar;C:\Users\Brijesh Kullal\.m2\repository\com\zaxxer\HikariCP\4.0.3\HikariCP-4.0.3.jar;C:\Users\Brijesh Kullal\.m2\repository\org\springframework\spring-jdbc\5.3.9\spring-jdbc-5.3.9.jar;C:\Users\Brijesh Kullal\.m2\repository\jakarta\transaction\jakarta.transaction-api\1.3.3\jakarta.transaction-api-1.3.3.jar;C:\Users\Brijesh Kullal\.m2\repository\jakarta\persistence\jakarta.persistence-api\2.2.3\jakarta.persistence-api-2.2.3.jar;C:\Users\Brijesh Kullal\.m2\repository\org\hibernate\hibernate-core\5.4.32.Final\hibernate-core-5.4.32.Final.jar;C:\Users\Brijesh Kullal\.m2\repository\org\jboss\logging\jboss-logging\3.4.2.Final\jboss-logging-3.4.2.Final.jar;C:\Users\Brijesh Kullal\.m2\repository\org\javassist\javassist\3.27.0-GA\javassist-3.27.0-GA.jar;C:\Users\Brijesh Kullal\.m2\repository\net\bytebuddy\byte-buddy\1.10.22\byte-buddy-1.10.22.jar;C:\Users\Brijesh Kullal\.m2\repository\antlr\antlr\2.7.7\antlr-2.7.7.jar;C:\Users\Brijesh Kullal\.m2\repository\org\jboss\jandex\2.2.3.Final\jandex-2.2.3.Final.jar;C:\Users\Brijesh Kullal\.m2\repository\org\dom4j\dom4j\2.1.3\dom4j-2.1.3.jar;C:\Users\Brijesh Kullal\.m2\repository\org\hibernate\common\hibernate-commons-annotations\5.1.2.Final\hibernate-commons-annotations-5.1.2.Final.jar;C:\Users\Brijesh Kullal\.m2\repository\org\glassfish\jaxb\jaxb-runtime\2.3.5\jaxb-runtime-2.
Launcher Type: SUN_STANDARD

[Global flags]
     intx CICompilerCount                          = 3                                         {product} {ergonomic}
     uint ConcGCThreads                            = 1                                         {product} {ergonomic}
     uint G1ConcRefinementThreads                  = 4                                         {product} {ergonomic}
   size_t G1HeapRegionSize                         = 1048576                                   {product} {ergonomic}
    uintx GCDrainStackTargetSize                   = 64                                        {product} {ergonomic}
   size_t InitialHeapSize                          = 132120576                                 {product} {ergonomic}
   size_t MarkStackSize                            = 4194304                                   {product} {ergonomic}
   size_t MaxHeapSize                              = 2113929216                                {product} {ergonomic}
   size_t MinHeapDeltaBytes                        = 1048576                                   {product} {ergonomic}
   size_t MinHeapSize                              = 8388608                                   {product} {ergonomic}
    uintx NonNMethodCodeHeapSize                   = 5832780                                {pd product} {ergonomic}
    uintx NonProfiledCodeHeapSize                  = 122912730                              {pd product} {ergonomic}
    uintx ProfiledCodeHeapSize                     = 122912730                              {pd product} {ergonomic}
    uintx ReservedCodeCacheSize                    = 251658240                              {pd product} {ergonomic}
     bool SegmentedCodeCache                       = true                                      {product} {ergonomic}
   size_t SoftMaxHeapSize                          = 2113929216                             {manageable} {ergonomic}
     bool UseCompressedClassPointers               = true                           {product lp64_product} {ergonomic}
     bool UseCompressedOops                        = true                           {product lp64_product} {ergonomic}
     bool UseG1GC                                  = true                                      {product} {ergonomic}
     bool UseLargePagesIndividualAllocation        = false                                  {pd product} {ergonomic}

Logging:
Log output configuration:
 #0: stdout all=warning uptime,level,tags
 #1: stderr all=off uptime,level,tags

Environment Variables:
JAVA_HOME=C:\Program Files\OpenJDK\openjdk-11.0.12_7
PATH=C:\Program Files\Common Files\Oracle\Java\javapath;D:\perl\bin;C:\Users\Brijesh Kullal\AppData\Roaming\ActiveState\bin;C:\Users\Brijesh Kullal\AppData\Local\Programs\Python\Python38-32\Scripts\;C:\Users\Brijesh Kullal\AppData\Local\Programs\Python\Python38-32\;C:\ProgramData\Oracle\Java\javapath;C:\Program Files (x86)\Intel\iCLS Client\;C:\Program Files\Intel\iCLS Client\;C:\WINDOWS\system32;C:\WINDOWS;C:\WINDOWS\System32\Wbem;C:\WINDOWS\System32\WindowsPowerShell\v1.0\;C:\Program Files (x86)\Intel\Intel(R) Management Engine Components\DAL;C:\Program Files\Intel\Intel(R) Management Engine Components\DAL;C:\Program Files (x86)\Intel\Intel(R) Management Engine Components\IPT;C:\Program Files\Intel\Intel(R) Management Engine Components\IPT;C:\WINDOWS\System32\OpenSSH\;C:\Program Files\TortoiseSVN\bin;C:\Program Files\Git\cmd;C:\Program Files\Git\mingw64\bin;C:\Program Files\Git\usr\bin;C:\ProgramData\chocolatey\bin;C:\Program Files\OpenJDK\openjdk-11.0.12_7\bin;C:\Program Files\nodejs\;C:\Program Files\MySQL\MySQL Shell 8.0\bin\;C:\Users\Brijesh Kullal\python\Scripts\;C:\Users\Brijesh Kullal\python\;C:\Users\Brijesh Kullal\AppData\Local\Programs\Python\Python38\Scripts\;C:\Users\Brijesh Kullal\AppData\Local\Programs\Python\Python38\;C:\Users\Brijesh Kullal\AppData\Local\Programs\Python\Launcher\;C:\Users\Brijesh Kullal\AppData\Local\Microsoft\WindowsApps;;C:\Users\Brijesh Kullal\AppData\Local\JetBrains\PyCharm 2018.3.4\bin;;C:\Users\Brijesh Kullal\AppData\Local\Programs\Microsoft VS Code\bin;C:\Users\Brijesh Kullal\AppData\Roaming\npm;C:\Program Files\JetBrains\IntelliJ IDEA 2020.3.2\bin;
USERNAME=Brijesh Kullal
OS=Windows_NT
PROCESSOR_IDENTIFIER=Intel64 Family 6 Model 142 Stepping 9, GenuineIntel



---------------  S Y S T E M  ---------------

OS:
 Windows 10 , 64 bit Build 19041 (10.0.19041.1466)
OS uptime: 4 days 23:23 hours

CPU: total 4 (initial active 4) (2 cores per cpu, 2 threads per core) family 6 model 142 stepping 9 microcode 0xb4, cx8, cmov, fxsr, ht, mmx, 3dnowpref, sse, sse2, sse3, ssse3, sse4.1, sse4.2, popcnt, lzcnt, tsc, tscinvbit, avx, avx2, aes, erms, clmul, bmi1, bmi2, adx, fma, vzeroupper, clflush, clflushopt

Memory: 4k page, system-wide physical 8061M (560M free)
TotalPageFile size 16061M (AvailPageFile size 7M)
current process WorkingSet (physical memory assigned to process): 10M, peak: 10M
current process commit charge ("private bytes"): 51M, peak: 177M

vm_info: OpenJDK 64-Bit Server VM (17.0.1+12-39) for windows-amd64 JRE (17.0.1+12-39), built on Sep 27 2021 18:39:29 by "mach5one" with MS VC++ 16.8 (VS2019)

END.
